# JRE version: Java(TM) SE Runtime Environment (8.0_201-b09) (build 1.8.0_201-b09)
# Java VM: Java HotSpot(TM) 64-Bit Server VM (25.201-b09 mixed mode linux-amd64 compressed oops)
Heap:
 PSYoungGen      total 71680K, used 6128K [0x00000000f6200000, 0x00000000fae00000, 0x0000000100000000)
  eden space 65536K, 0% used [0x00000000f6200000,0x00000000f6200000,0x00000000fa200000)
  from space 6144K, 99% used [0x00000000fa200000,0x00000000fa7fc010,0x00000000fa800000)
  to   space 6144K, 0% used [0x00000000fa800000,0x00000000fa800000,0x00000000fae00000)
 ParOldGen       total 20480K, used 12251K [0x00000000e2600000, 0x00000000e3a00000, 0x00000000f6200000)
  object space 20480K, 59% used [0x00000000e2600000,0x00000000e31f6f20,0x00000000e3a00000)
 Metaspace       used 16542K, capacity 16994K, committed 17280K, reserved 1064960K
  class space    used 1998K, capacity 2130K, committed 2176K, reserved 1048576K
GC Heap History (10 events):
Event: 1,885 GC heap after
Heap after GC invocations=2 (full 0):
 PSYoungGen      total 17408K, used 1008K [0x00000000f6200000, 0x00000000f7400000, 0x0000000100000000)
  eden space 16384K, 0% used [0x00000000f6200000,0x00000000f6200000,0x00000000f7200000)
  from space 1024K, 98% used [0x00000000f7300000,0x00000000f73fc010,0x00000000f7400000)
  to   space 1024K, 0% used [0x00000000f7200000,0x00000000f7200000,0x00000000f7300000)
 ParOldGen       total 20480K, used 2432K [0x00000000e2600000, 0x00000000e3a00000, 0x00000000f6200000)
  object space 20480K, 11% used [0x00000000e2600000,0x00000000e2860328,0x00000000e3a00000)
 Metaspace       used 6779K, capacity 6968K, committed 7040K, reserved 1056768K
  class space    used 778K, capacity 860K, committed 896K, reserved 1048576K
}
Event: 2,638 GC heap before
{Heap before GC invocations=3 (full 0):
 PSYoungGen      total 17408K, used 17392K [0x00000000f6200000, 0x00000000f7400000, 0x0000000100000000)
  eden space 16384K, 100% used [0x00000000f6200000,0x00000000f7200000,0x00000000f7200000)
  from space 1024K, 98% used [0x00000000f7300000,0x00000000f73fc010,0x00000000f7400000)
  to   space 1024K, 0% used [0x00000000f7200000,0x00000000f7200000,0x00000000f7300000)
 ParOldGen       total 20480K, used 2432K [0x00000000e2600000, 0x00000000e3a00000, 0x00000000f6200000)
  object space 20480K, 11% used [0x00000000e2600000,0x00000000e2860328,0x00000000e3a00000)
 Metaspace       used 7910K, capacity 8040K, committed 8192K, reserved 1056768K
  class space    used 974K, capacity 1020K, committed 1024K, reserved 1048576K
Event: 2,664 GC heap after
Heap after GC invocations=3 (full 0):
 PSYoungGen      total 17408K, used 1008K [0x00000000f6200000, 0x00000000f8400000, 0x0000000100000000)
  eden space 16384K, 0% used [0x00000000f6200000,0x00000000f6200000,0x00000000f7200000)
  from space 1024K, 98% used [0x00000000f7200000,0x00000000f72fc010,0x00000000f7300000)
  to   space 1024K, 0% used [0x00000000f8300000,0x00000000f8300000,0x00000000f8400000)
 ParOldGen       total 20480K, used 3839K [0x00000000e2600000, 0x00000000e3a00000, 0x00000000f6200000)
  object space 20480K, 18% used [0x00000000e2600000,0x00000000e29bffc8,0x00000000e3a00000)
 Metaspace       used 7910K, capacity 8040K, committed 8192K, reserved 1056768K
  class space    used 974K, capacity 1020K, committed 1024K, reserved 1048576K
}
Event: 3,483 GC heap before
{Heap before GC invocations=4 (full 0):
 PSYoungGen      total 17408K, used 17392K [0x00000000f6200000, 0x00000000f8400000, 0x0000000100000000)
  eden space 16384K, 100% used [0x00000000f6200000,0x00000000f7200000,0x00000000f7200000)
  from space 1024K, 98% used [0x00000000f7200000,0x00000000f72fc010,0x00000000f7300000)
  to   space 1024K, 0% used [0x00000000f8300000,0x00000000f8300000,0x00000000f8400000)
 ParOldGen       total 20480K, used 3839K [0x00000000e2600000, 0x00000000e3a00000, 0x00000000f6200000)
  object space 20480K, 18% used [0x00000000e2600000,0x00000000e29bffc8,0x00000000e3a00000)
 Metaspace       used 9701K, capacity 9888K, committed 9984K, reserved 1058816K
  class space    used 1186K, capacity 1249K, committed 1280K, reserved 1048576K
Event: 3,499 GC heap after
Heap after GC invocations=4 (full 0):
 PSYoungGen      total 33792K, used 992K [0x00000000f6200000, 0x00000000f8400000, 0x0000000100000000)
  eden space 32768K, 0% used [0x00000000f6200000,0x00000000f6200000,0x00000000f8200000)
  from space 1024K, 96% used [0x00000000f8300000,0x00000000f83f8020,0x00000000f8400000)
  to   space 1024K, 0% used [0x00000000f8200000,0x00000000f8200000,0x00000000f8300000)
 ParOldGen       total 20480K, used 6432K [0x00000000e2600000, 0x00000000e3a00000, 0x00000000f6200000)
  object space 20480K, 31% used [0x00000000e2600000,0x00000000e2c48150,0x00000000e3a00000)
 Metaspace       used 9701K, capacity 9888K, committed 9984K, reserved 1058816K
  class space    used 1186K, capacity 1249K, committed 1280K, reserved 1048576K
}
Event: 5,703 GC heap before
{Heap before GC invocations=5 (full 0):
 PSYoungGen      total 33792K, used 33760K [0x00000000f6200000, 0x00000000f8400000, 0x0000000100000000)
  eden space 32768K, 100% used [0x00000000f6200000,0x00000000f8200000,0x00000000f8200000)
  from space 1024K, 96% used [0x00000000f8300000,0x00000000f83f8020,0x00000000f8400000)
  to   space 1024K, 0% used [0x00000000f8200000,0x00000000f8200000,0x00000000f8300000)
 ParOldGen       total 20480K, used 6432K [0x00000000e2600000, 0x00000000e3a00000, 0x00000000f6200000)
  object space 20480K, 31% used [0x00000000e2600000,0x00000000e2c48150,0x00000000e3a00000)
 Metaspace       used 13759K, capacity 13962K, committed 14080K, reserved 1060864K
  class space    used 1717K, capacity 1783K, committed 1792K, reserved 1048576K
Event: 5,742 GC heap after
Heap after GC invocations=5 (full 0):
 PSYoungGen      total 33792K, used 992K [0x00000000f6200000, 0x00000000fae00000, 0x0000000100000000)
  eden space 32768K, 0% used [0x00000000f6200000,0x00000000f6200000,0x00000000f8200000)
  from space 1024K, 96% used [0x00000000f8200000,0x00000000f82f8020,0x00000000f8300000)
  to   space 6144K, 0% used [0x00000000fa800000,0x00000000fa800000,0x00000000fae00000)
 ParOldGen       total 20480K, used 11465K [0x00000000e2600000, 0x00000000e3a00000, 0x00000000f6200000)
  object space 20480K, 55% used [0x00000000e2600000,0x00000000e31327d0,0x00000000e3a00000)
 Metaspace       used 13759K, capacity 13962K, committed 14080K, reserved 1060864K
  class space    used 1717K, capacity 1783K, committed 1792K, reserved 1048576K
}
Event: 10,067 GC heap before
{Heap before GC invocations=6 (full 0):
 PSYoungGen      total 33792K, used 33760K [0x00000000f6200000, 0x00000000fae00000, 0x0000000100000000)
  eden space 32768K, 100% used [0x00000000f6200000,0x00000000f8200000,0x00000000f8200000)
  from space 1024K, 96% used [0x00000000f8200000,0x00000000f82f8020,0x00000000f8300000)
  to   space 6144K, 0% used [0x00000000fa800000,0x00000000fa800000,0x00000000fae00000)
 ParOldGen       total 20480K, used 11465K [0x00000000e2600000, 0x00000000e3a00000, 0x00000000f6200000)
  object space 20480K, 55% used [0x00000000e2600000,0x00000000e31327d0,0x00000000e3a00000)
 Metaspace       used 15568K, capacity 15938K, committed 16128K, reserved 1062912K
  class space    used 1907K, capacity 1990K, committed 2048K, reserved 1048576K
Event: 10,134 GC heap after
Heap after GC invocations=6 (full 0):
 PSYoungGen      total 71680K, used 4525K [0x00000000f6200000, 0x00000000fae00000, 0x0000000100000000)
  eden space 65536K, 0% used [0x00000000f6200000,0x00000000f6200000,0x00000000fa200000)
  from space 6144K, 73% used [0x00000000fa800000,0x00000000fac6b5d0,0x00000000fae00000)
  to   space 6144K, 0% used [0x00000000fa200000,0x00000000fa200000,0x00000000fa800000)
 ParOldGen       total 20480K, used 11473K [0x00000000e2600000, 0x00000000e3a00000, 0x00000000f6200000)
  object space 20480K, 56% used [0x00000000e2600000,0x00000000e31347d0,0x00000000e3a00000)
 Metaspace       used 15568K, capacity 15938K, committed 16128K, reserved 1062912K
  class space    used 1907K, capacity 1990K, committed 2048K, reserved 1048576K
}
Event: 26,868 GC heap before
{Heap before GC invocations=7 (full 0):
 PSYoungGen      total 71680K, used 70061K [0x00000000f6200000, 0x00000000fae00000, 0x0000000100000000)
  eden space 65536K, 100% used [0x00000000f6200000,0x00000000fa200000,0x00000000fa200000)
  from space 6144K, 73% used [0x00000000fa800000,0x00000000fac6b5d0,0x00000000fae00000)
  to   space 6144K, 0% used [0x00000000fa200000,0x00000000fa200000,0x00000000fa800000)
 ParOldGen       total 20480K, used 11473K [0x00000000e2600000, 0x00000000e3a00000, 0x00000000f6200000)
  object space 20480K, 56% used [0x00000000e2600000,0x00000000e31347d0,0x00000000e3a00000)
 Metaspace       used 16542K, capacity 16994K, committed 17280K, reserved 1064960K
  class space    used 1998K, capacity 2130K, committed 2176K, reserved 1048576K

