# JRE version: Java(TM) SE Runtime Environment (8.0_201-b09) (build 1.8.0_201-b09)
# Java VM: Java HotSpot(TM) 64-Bit Server VM (25.201-b09 mixed mode linux-amd64 compressed oops)
Heap:
 PSYoungGen      total 69632K, used 6647K [0x00000000f6200000, 0x00000000fad00000, 0x0000000100000000)
  eden space 62976K, 0% used [0x00000000f6200000,0x00000000f6200000,0x00000000f9f80000)
  from space 6656K, 99% used [0x00000000f9f80000,0x00000000fa5fdef8,0x00000000fa600000)
  to   space 6144K, 0% used [0x00000000fa600000,0x00000000fa600000,0x00000000fac00000)
 ParOldGen       total 20480K, used 12594K [0x00000000e2600000, 0x00000000e3a00000, 0x00000000f6200000)
  object space 20480K, 61% used [0x00000000e2600000,0x00000000e324ca20,0x00000000e3a00000)
 Metaspace       used 20326K, capacity 20816K, committed 21120K, reserved 1067008K
  class space    used 2486K, capacity 2623K, committed 2688K, reserved 1048576K
GC Heap History (10 events):
Event: 6,494 GC heap after
Heap after GC invocations=4 (full 0):
 PSYoungGen      total 17408K, used 1020K [0x00000000f6200000, 0x00000000f7400000, 0x0000000100000000)
  eden space 16384K, 0% used [0x00000000f6200000,0x00000000f6200000,0x00000000f7200000)
  from space 1024K, 99% used [0x00000000f7300000,0x00000000f73ff230,0x00000000f7400000)
  to   space 1024K, 0% used [0x00000000f7200000,0x00000000f7200000,0x00000000f7300000)
 ParOldGen       total 20480K, used 3885K [0x00000000e2600000, 0x00000000e3a00000, 0x00000000f6200000)
  object space 20480K, 18% used [0x00000000e2600000,0x00000000e29cb4c0,0x00000000e3a00000)
 Metaspace       used 7915K, capacity 8024K, committed 8192K, reserved 1056768K
  class space    used 975K, capacity 1020K, committed 1024K, reserved 1048576K
}
Event: 7,974 GC heap before
{Heap before GC invocations=5 (full 0):
 PSYoungGen      total 17408K, used 17404K [0x00000000f6200000, 0x00000000f7400000, 0x0000000100000000)
  eden space 16384K, 100% used [0x00000000f6200000,0x00000000f7200000,0x00000000f7200000)
  from space 1024K, 99% used [0x00000000f7300000,0x00000000f73ff230,0x00000000f7400000)
  to   space 1024K, 0% used [0x00000000f7200000,0x00000000f7200000,0x00000000f7300000)
 ParOldGen       total 20480K, used 3885K [0x00000000e2600000, 0x00000000e3a00000, 0x00000000f6200000)
  object space 20480K, 18% used [0x00000000e2600000,0x00000000e29cb4c0,0x00000000e3a00000)
 Metaspace       used 9710K, capacity 9872K, committed 9984K, reserved 1058816K
  class space    used 1187K, capacity 1249K, committed 1280K, reserved 1048576K
Event: 8,065 GC heap after
Heap after GC invocations=5 (full 0):
 PSYoungGen      total 17408K, used 1020K [0x00000000f6200000, 0x00000000f8900000, 0x0000000100000000)
  eden space 16384K, 0% used [0x00000000f6200000,0x00000000f6200000,0x00000000f7200000)
  from space 1024K, 99% used [0x00000000f7200000,0x00000000f72ff250,0x00000000f7300000)
  to   space 3584K, 0% used [0x00000000f8580000,0x00000000f8580000,0x00000000f8900000)
 ParOldGen       total 20480K, used 6464K [0x00000000e2600000, 0x00000000e3a00000, 0x00000000f6200000)
  object space 20480K, 31% used [0x00000000e2600000,0x00000000e2c50228,0x00000000e3a00000)
 Metaspace       used 9710K, capacity 9872K, committed 9984K, reserved 1058816K
  class space    used 1187K, capacity 1249K, committed 1280K, reserved 1048576K
}
Event: 10,127 GC heap before
{Heap before GC invocations=6 (full 0):
 PSYoungGen      total 17408K, used 17404K [0x00000000f6200000, 0x00000000f8900000, 0x0000000100000000)
  eden space 16384K, 100% used [0x00000000f6200000,0x00000000f7200000,0x00000000f7200000)
  from space 1024K, 99% used [0x00000000f7200000,0x00000000f72ff250,0x00000000f7300000)
  to   space 3584K, 0% used [0x00000000f8580000,0x00000000f8580000,0x00000000f8900000)
 ParOldGen       total 20480K, used 6464K [0x00000000e2600000, 0x00000000e3a00000, 0x00000000f6200000)
  object space 20480K, 31% used [0x00000000e2600000,0x00000000e2c50228,0x00000000e3a00000)
 Metaspace       used 11673K, capacity 11858K, committed 12160K, reserved 1060864K
  class space    used 1451K, capacity 1546K, committed 1664K, reserved 1048576K
Event: 10,213 GC heap after
Heap after GC invocations=6 (full 0):
 PSYoungGen      total 35328K, used 3560K [0x00000000f6200000, 0x00000000f8b00000, 0x0000000100000000)
  eden space 31744K, 0% used [0x00000000f6200000,0x00000000f6200000,0x00000000f8100000)
  from space 3584K, 99% used [0x00000000f8580000,0x00000000f88fa340,0x00000000f8900000)
  to   space 4608K, 0% used [0x00000000f8100000,0x00000000f8100000,0x00000000f8580000)
 ParOldGen       total 20480K, used 6666K [0x00000000e2600000, 0x00000000e3a00000, 0x00000000f6200000)
  object space 20480K, 32% used [0x00000000e2600000,0x00000000e2c82bf0,0x00000000e3a00000)
 Metaspace       used 11673K, capacity 11858K, committed 12160K, reserved 1060864K
  class space    used 1451K, capacity 1546K, committed 1664K, reserved 1048576K
}
Event: 23,832 GC heap before
{Heap before GC invocations=7 (full 0):
 PSYoungGen      total 35328K, used 35304K [0x00000000f6200000, 0x00000000f8b00000, 0x0000000100000000)
  eden space 31744K, 100% used [0x00000000f6200000,0x00000000f8100000,0x00000000f8100000)
  from space 3584K, 99% used [0x00000000f8580000,0x00000000f88fa340,0x00000000f8900000)
  to   space 4608K, 0% used [0x00000000f8100000,0x00000000f8100000,0x00000000f8580000)
 ParOldGen       total 20480K, used 6666K [0x00000000e2600000, 0x00000000e3a00000, 0x00000000f6200000)
  object space 20480K, 32% used [0x00000000e2600000,0x00000000e2c82bf0,0x00000000e3a00000)
 Metaspace       used 14972K, capacity 15284K, committed 15616K, reserved 1062912K
  class space    used 1829K, capacity 1949K, committed 2048K, reserved 1048576K
Event: 23,977 GC heap after
Heap after GC invocations=7 (full 0):
 PSYoungGen      total 36352K, used 4583K [0x00000000f6200000, 0x00000000fac00000, 0x0000000100000000)
  eden space 31744K, 0% used [0x00000000f6200000,0x00000000f6200000,0x00000000f8100000)
  from space 4608K, 99% used [0x00000000f8100000,0x00000000f8579e70,0x00000000f8580000)
  to   space 6144K, 0% used [0x00000000fa600000,0x00000000fa600000,0x00000000fac00000)
 ParOldGen       total 20480K, used 8323K [0x00000000e2600000, 0x00000000e3a00000, 0x00000000f6200000)
  object space 20480K, 40% used [0x00000000e2600000,0x00000000e2e20d40,0x00000000e3a00000)
 Metaspace       used 14972K, capacity 15284K, committed 15616K, reserved 1062912K
  class space    used 1829K, capacity 1949K, committed 2048K, reserved 1048576K
}
Event: 30,598 GC heap before
{Heap before GC invocations=8 (full 0):
 PSYoungGen      total 36352K, used 36327K [0x00000000f6200000, 0x00000000fac00000, 0x0000000100000000)
  eden space 31744K, 100% used [0x00000000f6200000,0x00000000f8100000,0x00000000f8100000)
  from space 4608K, 99% used [0x00000000f8100000,0x00000000f8579e70,0x00000000f8580000)
  to   space 6144K, 0% used [0x00000000fa600000,0x00000000fa600000,0x00000000fac00000)
 ParOldGen       total 20480K, used 8323K [0x00000000e2600000, 0x00000000e3a00000, 0x00000000f6200000)
  object space 20480K, 40% used [0x00000000e2600000,0x00000000e2e20d40,0x00000000e3a00000)
 Metaspace       used 16020K, capacity 16458K, committed 16768K, reserved 1064960K
  class space    used 1942K, capacity 2062K, committed 2176K, reserved 1048576K
Event: 30,647 GC heap after
Heap after GC invocations=8 (full 0):
 PSYoungGen      total 69120K, used 5446K [0x00000000f6200000, 0x00000000fad00000, 0x0000000100000000)
  eden space 62976K, 0% used [0x00000000f6200000,0x00000000f6200000,0x00000000f9f80000)
  from space 6144K, 88% used [0x00000000fa600000,0x00000000fab51858,0x00000000fac00000)
  to   space 6656K, 0% used [0x00000000f9f80000,0x00000000f9f80000,0x00000000fa600000)
 ParOldGen       total 20480K, used 8543K [0x00000000e2600000, 0x00000000e3a00000, 0x00000000f6200000)
  object space 20480K, 41% used [0x00000000e2600000,0x00000000e2e57f70,0x00000000e3a00000)
 Metaspace       used 16020K, capacity 16458K, committed 16768K, reserved 1064960K
  class space    used 1942K, capacity 2062K, committed 2176K, reserved 1048576K
}
Event: 33,948 GC heap before
{Heap before GC invocations=9 (full 0):
 PSYoungGen      total 69120K, used 68422K [0x00000000f6200000, 0x00000000fad00000, 0x0000000100000000)
  eden space 62976K, 100% used [0x00000000f6200000,0x00000000f9f80000,0x00000000f9f80000)
  from space 6144K, 88% used [0x00000000fa600000,0x00000000fab51858,0x00000000fac00000)
  to   space 6656K, 0% used [0x00000000f9f80000,0x00000000f9f80000,0x00000000fa600000)
 ParOldGen       total 20480K, used 8543K [0x00000000e2600000, 0x00000000e3a00000, 0x00000000f6200000)
  object space 20480K, 41% used [0x00000000e2600000,0x00000000e2e57f70,0x00000000e3a00000)
 Metaspace       used 20326K, capacity 20816K, committed 21120K, reserved 1067008K
  class space    used 2486K, capacity 2623K, committed 2688K, reserved 1048576K

