# JRE version: Java(TM) SE Runtime Environment (8.0_201-b09) (build 1.8.0_201-b09)
# Java VM: Java HotSpot(TM) 64-Bit Server VM (25.201-b09 mixed mode linux-amd64 compressed oops)
Heap:
 PSYoungGen      total 69632K, used 6641K [0x00000000f6200000, 0x00000000fad00000, 0x0000000100000000)
  eden space 62976K, 0% used [0x00000000f6200000,0x00000000f6200000,0x00000000f9f80000)
  from space 6656K, 99% used [0x00000000f9f80000,0x00000000fa5fc7a0,0x00000000fa600000)
  to   space 6144K, 0% used [0x00000000fa600000,0x00000000fa600000,0x00000000fac00000)
 ParOldGen       total 20480K, used 12614K [0x00000000e2600000, 0x00000000e3a00000, 0x00000000f6200000)
  object space 20480K, 61% used [0x00000000e2600000,0x00000000e32518c0,0x00000000e3a00000)
 Metaspace       used 20315K, capacity 20820K, committed 21120K, reserved 1067008K
  class space    used 2485K, capacity 2623K, committed 2688K, reserved 1048576K
GC Heap History (10 events):
Event: 3,606 GC heap after
Heap after GC invocations=4 (full 0):
 PSYoungGen      total 17408K, used 1024K [0x00000000f6200000, 0x00000000f7400000, 0x0000000100000000)
  eden space 16384K, 0% used [0x00000000f6200000,0x00000000f6200000,0x00000000f7200000)
  from space 1024K, 100% used [0x00000000f7300000,0x00000000f7400000,0x00000000f7400000)
  to   space 1024K, 0% used [0x00000000f7200000,0x00000000f7200000,0x00000000f7300000)
 ParOldGen       total 20480K, used 3879K [0x00000000e2600000, 0x00000000e3a00000, 0x00000000f6200000)
  object space 20480K, 18% used [0x00000000e2600000,0x00000000e29c9da0,0x00000000e3a00000)
 Metaspace       used 7920K, capacity 8028K, committed 8192K, reserved 1056768K
  class space    used 975K, capacity 1020K, committed 1024K, reserved 1048576K
}
Event: 7,349 GC heap before
{Heap before GC invocations=5 (full 0):
 PSYoungGen      total 17408K, used 17408K [0x00000000f6200000, 0x00000000f7400000, 0x0000000100000000)
  eden space 16384K, 100% used [0x00000000f6200000,0x00000000f7200000,0x00000000f7200000)
  from space 1024K, 100% used [0x00000000f7300000,0x00000000f7400000,0x00000000f7400000)
  to   space 1024K, 0% used [0x00000000f7200000,0x00000000f7200000,0x00000000f7300000)
 ParOldGen       total 20480K, used 3879K [0x00000000e2600000, 0x00000000e3a00000, 0x00000000f6200000)
  object space 20480K, 18% used [0x00000000e2600000,0x00000000e29c9da0,0x00000000e3a00000)
 Metaspace       used 9695K, capacity 9876K, committed 9984K, reserved 1058816K
  class space    used 1187K, capacity 1249K, committed 1280K, reserved 1048576K
Event: 7,372 GC heap after
Heap after GC invocations=5 (full 0):
 PSYoungGen      total 17408K, used 1024K [0x00000000f6200000, 0x00000000f8900000, 0x0000000100000000)
  eden space 16384K, 0% used [0x00000000f6200000,0x00000000f6200000,0x00000000f7200000)
  from space 1024K, 100% used [0x00000000f7200000,0x00000000f7300000,0x00000000f7300000)
  to   space 3584K, 0% used [0x00000000f8580000,0x00000000f8580000,0x00000000f8900000)
 ParOldGen       total 20480K, used 6480K [0x00000000e2600000, 0x00000000e3a00000, 0x00000000f6200000)
  object space 20480K, 31% used [0x00000000e2600000,0x00000000e2c54168,0x00000000e3a00000)
 Metaspace       used 9695K, capacity 9876K, committed 9984K, reserved 1058816K
  class space    used 1187K, capacity 1249K, committed 1280K, reserved 1048576K
}
Event: 26,894 GC heap before
{Heap before GC invocations=6 (full 0):
 PSYoungGen      total 17408K, used 17408K [0x00000000f6200000, 0x00000000f8900000, 0x0000000100000000)
  eden space 16384K, 100% used [0x00000000f6200000,0x00000000f7200000,0x00000000f7200000)
  from space 1024K, 100% used [0x00000000f7200000,0x00000000f7300000,0x00000000f7300000)
  to   space 3584K, 0% used [0x00000000f8580000,0x00000000f8580000,0x00000000f8900000)
 ParOldGen       total 20480K, used 6480K [0x00000000e2600000, 0x00000000e3a00000, 0x00000000f6200000)
  object space 20480K, 31% used [0x00000000e2600000,0x00000000e2c54168,0x00000000e3a00000)
 Metaspace       used 11647K, capacity 11862K, committed 12160K, reserved 1060864K
  class space    used 1451K, capacity 1546K, committed 1664K, reserved 1048576K
Event: 26,912 GC heap after
Heap after GC invocations=6 (full 0):
 PSYoungGen      total 35328K, used 3565K [0x00000000f6200000, 0x00000000f8b00000, 0x0000000100000000)
  eden space 31744K, 0% used [0x00000000f6200000,0x00000000f6200000,0x00000000f8100000)
  from space 3584K, 99% used [0x00000000f8580000,0x00000000f88fb7d8,0x00000000f8900000)
  to   space 4608K, 0% used [0x00000000f8100000,0x00000000f8100000,0x00000000f8580000)
 ParOldGen       total 20480K, used 6687K [0x00000000e2600000, 0x00000000e3a00000, 0x00000000f6200000)
  object space 20480K, 32% used [0x00000000e2600000,0x00000000e2c87ec8,0x00000000e3a00000)
 Metaspace       used 11647K, capacity 11862K, committed 12160K, reserved 1060864K
  class space    used 1451K, capacity 1546K, committed 1664K, reserved 1048576K
}
Event: 29,799 GC heap before
{Heap before GC invocations=7 (full 0):
 PSYoungGen      total 35328K, used 35309K [0x00000000f6200000, 0x00000000f8b00000, 0x0000000100000000)
  eden space 31744K, 100% used [0x00000000f6200000,0x00000000f8100000,0x00000000f8100000)
  from space 3584K, 99% used [0x00000000f8580000,0x00000000f88fb7d8,0x00000000f8900000)
  to   space 4608K, 0% used [0x00000000f8100000,0x00000000f8100000,0x00000000f8580000)
 ParOldGen       total 20480K, used 6687K [0x00000000e2600000, 0x00000000e3a00000, 0x00000000f6200000)
  object space 20480K, 32% used [0x00000000e2600000,0x00000000e2c87ec8,0x00000000e3a00000)
 Metaspace       used 14950K, capacity 15224K, committed 15616K, reserved 1062912K
  class space    used 1829K, capacity 1949K, committed 2048K, reserved 1048576K
Event: 29,837 GC heap after
Heap after GC invocations=7 (full 0):
 PSYoungGen      total 36352K, used 4584K [0x00000000f6200000, 0x00000000fac00000, 0x0000000100000000)
  eden space 31744K, 0% used [0x00000000f6200000,0x00000000f6200000,0x00000000f8100000)
  from space 4608K, 99% used [0x00000000f8100000,0x00000000f857a3d0,0x00000000f8580000)
  to   space 6144K, 0% used [0x00000000fa600000,0x00000000fa600000,0x00000000fac00000)
 ParOldGen       total 20480K, used 8333K [0x00000000e2600000, 0x00000000e3a00000, 0x00000000f6200000)
  object space 20480K, 40% used [0x00000000e2600000,0x00000000e2e23648,0x00000000e3a00000)
 Metaspace       used 14950K, capacity 15224K, committed 15616K, reserved 1062912K
  class space    used 1829K, capacity 1949K, committed 2048K, reserved 1048576K
}
Event: 31,804 GC heap before
{Heap before GC invocations=8 (full 0):
 PSYoungGen      total 36352K, used 36328K [0x00000000f6200000, 0x00000000fac00000, 0x0000000100000000)
  eden space 31744K, 100% used [0x00000000f6200000,0x00000000f8100000,0x00000000f8100000)
  from space 4608K, 99% used [0x00000000f8100000,0x00000000f857a3d0,0x00000000f8580000)
  to   space 6144K, 0% used [0x00000000fa600000,0x00000000fa600000,0x00000000fac00000)
 ParOldGen       total 20480K, used 8333K [0x00000000e2600000, 0x00000000e3a00000, 0x00000000f6200000)
  object space 20480K, 40% used [0x00000000e2600000,0x00000000e2e23648,0x00000000e3a00000)
 Metaspace       used 16005K, capacity 16462K, committed 16768K, reserved 1064960K
  class space    used 1943K, capacity 2062K, committed 2176K, reserved 1048576K
Event: 31,870 GC heap after
Heap after GC invocations=8 (full 0):
 PSYoungGen      total 69120K, used 5547K [0x00000000f6200000, 0x00000000fad00000, 0x0000000100000000)
  eden space 62976K, 0% used [0x00000000f6200000,0x00000000f6200000,0x00000000f9f80000)
  from space 6144K, 90% used [0x00000000fa600000,0x00000000fab6aff0,0x00000000fac00000)
  to   space 6656K, 0% used [0x00000000f9f80000,0x00000000f9f80000,0x00000000fa600000)
 ParOldGen       total 20480K, used 8469K [0x00000000e2600000, 0x00000000e3a00000, 0x00000000f6200000)
  object space 20480K, 41% used [0x00000000e2600000,0x00000000e2e45648,0x00000000e3a00000)
 Metaspace       used 16005K, capacity 16462K, committed 16768K, reserved 1064960K
  class space    used 1943K, capacity 2062K, committed 2176K, reserved 1048576K
}
Event: 44,908 GC heap before
{Heap before GC invocations=9 (full 0):
 PSYoungGen      total 69120K, used 68523K [0x00000000f6200000, 0x00000000fad00000, 0x0000000100000000)
  eden space 62976K, 100% used [0x00000000f6200000,0x00000000f9f80000,0x00000000f9f80000)
  from space 6144K, 90% used [0x00000000fa600000,0x00000000fab6aff0,0x00000000fac00000)
  to   space 6656K, 0% used [0x00000000f9f80000,0x00000000f9f80000,0x00000000fa600000)
 ParOldGen       total 20480K, used 8469K [0x00000000e2600000, 0x00000000e3a00000, 0x00000000f6200000)
  object space 20480K, 41% used [0x00000000e2600000,0x00000000e2e45648,0x00000000e3a00000)
 Metaspace       used 20315K, capacity 20820K, committed 21120K, reserved 1067008K
  class space    used 2485K, capacity 2623K, committed 2688K, reserved 1048576K

